#
# A fatal error has been detected by the Java Runtime Environment:
#
#  EXCEPTION_SINGLE_STEP (0x80000004) at pc=0x603327a6, pid=6532, tid=5024
#
# JRE version: Java(TM) SE Runtime Environment (8.0_25-b18) (build 1.8.0_25-b18)
# Java VM: Java HotSpot(TM) Client VM (25.25-b02 mixed mode windows-x86 )
# Problematic frame:
# V  [jvm.dll+0xb27a6]
#
# Failed to write core dump. Minidumps are not enabled by default on client versions of Windows
#
# If you would like to submit a bug report, please visit:
#   http://bugreport.sun.com/bugreport/crash.jsp
#

---------------  T H R E A D  ---------------

Current thread (0x16524400):  JavaThread "Remoting "management-client" I/O-1" [_thread_in_vm, id=5024, stack(0x16c70000,0x16cc0000)]

siginfo: ExceptionCode=0x80000004

Registers:
EAX=0x011602e8, EBX=0x00000001, ECX=0x01160198, EDX=0x01160348
ESP=0x16cbf1dc, EBP=0x16cbf270, ESI=0x16524400, EDI=0x18150578
EIP=0x603327a6, EFLAGS=0x00000246

Top of Stack: (sp=0x16cbf1dc)
0x16cbf1dc:   18150b28 16524400 000000bb 00000000
0x16cbf1ec:   00000000 16cbf20c 60324b61 000000b6
0x16cbf1fc:   14c5e7f8 
[error occurred during error reporting (printing registers, top of stack, instructions near pc), id 0x80000004]

Register to memory mapping:

EAX=0x011602e8 is an unknown value
EBX=0x00000001 is an unknown value
ECX=0x01160198 is an unknown value
EDX=0x01160348 is an unknown value
ESP=0x16cbf1dc is pointing into the stack for thread: 0x16524400
EBP=0x16cbf270 is pointing into the stack for thread: 0x16524400
ESI=0x16524400 is a thread
EDI=0x18150578 is pointing into metadata


Stack: [0x16c70000,0x16cc0000],  sp=0x16cbf1dc,  free space=316k
Native frames: (J=compiled Java code, j=interpreted, Vv=VM code, C=native code)
V  [jvm.dll+0xb27a6]
V  [jvm.dll+0xb4e84]
V  [jvm.dll+0xb5328]
V  [jvm.dll+0x76261]
j  org.xnio.http.HttpUpgrade$HttpUpgradeState$ConnectionOpenListener.handleEvent(Lorg/xnio/StreamConnection;)V+99
j  org.xnio.http.HttpUpgrade$HttpUpgradeState$ConnectionOpenListener.handleEvent(Ljava/nio/channels/Channel;)V+5
j  org.xnio.ChannelListeners.invokeChannelListener(Ljava/nio/channels/Channel;Lorg/xnio/ChannelListener;)Z+18
j  org.xnio.nio.WorkerThread$ConnectHandle.handleReady(I)V+59
j  org.xnio.nio.WorkerThread.run()V+771
v  ~StubRoutines::call_stub
V  [jvm.dll+0x147285]
V  [jvm.dll+0x20d19e]
V  [jvm.dll+0x14731e]
V  [jvm.dll+0x1474a6]
V  [jvm.dll+0x147517]
V  [jvm.dll+0xf06bf]
V  [jvm.dll+0x1698cc]
V  [jvm.dll+0x16a15a]
V  [jvm.dll+0x1aee06]
C  [msvcr100.dll+0x5c556]
C  [msvcr100.dll+0x5c600]
C  [KERNEL32.DLL+0x15624]
C  [ntdll.dll+0x5e100]
C  [ntdll.dll+0x5e0cb]
C  0x00000000

Java frames: (J=compiled Java code, j=interpreted, Vv=VM code)
j  org.xnio.http.HttpUpgrade$HttpUpgradeState$ConnectionOpenListener.handleEvent(Lorg/xnio/StreamConnection;)V+99
j  org.xnio.http.HttpUpgrade$HttpUpgradeState$ConnectionOpenListener.handleEvent(Ljava/nio/channels/Channel;)V+5
j  org.xnio.ChannelListeners.invokeChannelListener(Ljava/nio/channels/Channel;Lorg/xnio/ChannelListener;)Z+18
j  org.xnio.nio.WorkerThread$ConnectHandle.handleReady(I)V+59
j  org.xnio.nio.WorkerThread.run()V+771
v  ~StubRoutines::call_stub

---------------  P R O C E S S  ---------------

Java Threads: ( => current thread )
=>0x16524400 JavaThread "Remoting "management-client" I/O-1" [_thread_in_vm, id=5024, stack(0x16c70000,0x16cc0000)]
  0x150a9c00 JavaThread "Service Thread" daemon [_thread_blocked, id=4324, stack(0x15570000,0x155c0000)]
  0x1509a400 JavaThread "C1 CompilerThread0" daemon [_thread_blocked, id=7704, stack(0x154e0000,0x15530000)]
  0x15099400 JavaThread "Attach Listener" daemon [_thread_blocked, id=7816, stack(0x15450000,0x154a0000)]
  0x15097400 JavaThread "Signal Dispatcher" daemon [_thread_blocked, id=7948, stack(0x153c0000,0x15410000)]
  0x15065c00 JavaThread "Finalizer" daemon [_thread_blocked, id=7980, stack(0x15330000,0x15380000)]
  0x15061400 JavaThread "Reference Handler" daemon [_thread_blocked, id=7500, stack(0x152a0000,0x152f0000)]
  0x00fbc400 JavaThread "main" [_thread_blocked, id=5480, stack(0x01110000,0x01160000)]

Other Threads:
  0x0125b400 VMThread [stack: 0x04b80000,0x04bd0000] [id=7504]
  0x150b2800 WatcherThread [stack: 0x15600000,0x15650000] [id=7840]

VM state:not at safepoint (normal execution)

VM Mutex/Monitor currently owned by a thread: None

Heap:
 def new generation   total 11136K, used 5689K [0x04c00000, 0x05810000, 0x0a150000)
  eden space 9920K,  45% used [0x04c00000, 0x0505e720, 0x055b0000)
  from space 1216K, 100% used [0x055b0000, 0x056e0000, 0x056e0000)
  to   space 1216K,   0% used [0x056e0000, 0x056e0000, 0x05810000)
 tenured generation   total 24596K, used 16748K [0x0a150000, 0x0b955000, 0x14c00000)
   the space 24596K,  68% used [0x0a150000, 0x0b1ab350, 0x0b1ab400, 0x0b955000)
 Metaspace       used 15245K, capacity 15560K, committed 15616K, reserved 15744K

Card table byte_map: [0x02a30000,0x02ac0000] byte_map_base: 0x02a0a000

Polling page: 0x00f90000

CodeCache: size=32768Kb used=4129Kb max_used=4129Kb free=28638Kb
 bounds [0x02b80000, 0x02f90000, 0x04b80000]
 total_blobs=2472 nmethods=2287 adapters=116
 compilation: enabled

Compilation events (10 events):
Event: 7.387 Thread 0x1509a400 2324             sun.nio.fs.NativeBuffer::address (5 bytes)
Event: 7.387 Thread 0x1509a400 nmethod 2324 0x02f88808 code [0x02f88900, 0x02f88980]
Event: 7.388 Thread 0x1509a400 2325             sun.nio.fs.WindowsDirectoryStream::access$500 (5 bytes)
Event: 7.388 Thread 0x1509a400 nmethod 2325 0x02f1ed48 code [0x02f1ee40, 0x02f1eeb0]
Event: 7.388 Thread 0x1509a400 2326             sun.nio.fs.WindowsPath::getFileSystem (5 bytes)
Event: 7.388 Thread 0x1509a400 nmethod 2326 0x02f1eb88 code [0x02f1ec80, 0x02f1ed00]
Event: 7.388 Thread 0x1509a400 2327             sun.nio.fs.WindowsPath::<init> (26 bytes)
Event: 7.389 Thread 0x1509a400 nmethod 2327 0x02f889c8 code [0x02f88ac0, 0x02f88b80]
Event: 7.389 Thread 0x1509a400 2328             sun.nio.fs.AbstractPath::<init> (5 bytes)
Event: 7.389 Thread 0x1509a400 nmethod 2328 0x02f88bc8 code [0x02f88cc0, 0x02f88d40]

GC Heap History (10 events):
Event: 3.870 GC heap before
{Heap before GC invocations=45 (full 1):
 def new generation   total 8384K, used 8206K [0x04c00000, 0x05510000, 0x0a150000)
  eden space 7488K, 100% used [0x04c00000, 0x05350000, 0x05350000)
  from space 896K,  80% used [0x05430000, 0x054e3a58, 0x05510000)
  to   space 896K,   0% used [0x05350000, 0x05350000, 0x05430000)
 tenured generation   total 18524K, used 18417K [0x0a150000, 0x0b367000, 0x14c00000)
   the space 18524K,  99% used [0x0a150000, 0x0b34c780, 0x0b34c800, 0x0b367000)
 Metaspace       used 12607K, capacity 12828K, committed 12928K, reserved 13696K
Event: 3.914 GC heap after
Heap after GC invocations=46 (full 2):
 def new generation   total 11136K, used 0K [0x04c00000, 0x05810000, 0x0a150000)
  eden space 9920K,   0% used [0x04c00000, 0x04c00000, 0x055b0000)
  from space 1216K,   0% used [0x055b0000, 0x055b0000, 0x056e0000)
  to   space 1216K,   0% used [0x056e0000, 0x056e0000, 0x05810000)
 tenured generation   total 24596K, used 14756K [0x0a150000, 0x0b955000, 0x14c00000)
   the space 24596K,  59% used [0x0a150000, 0x0afb90f0, 0x0afb9200, 0x0b955000)
 Metaspace       used 12607K, capacity 12828K, committed 12928K, reserved 13696K
}
Event: 3.974 GC heap before
{Heap before GC invocations=46 (full 2):
 def new generation   total 11136K, used 9920K [0x04c00000, 0x05810000, 0x0a150000)
  eden space 9920K, 100% used [0x04c00000, 0x055b0000, 0x055b0000)
  from space 1216K,   0% used [0x055b0000, 0x055b0000, 0x056e0000)
  to   space 1216K,   0% used [0x056e0000, 0x056e0000, 0x05810000)
 tenured generation   total 24596K, used 14756K [0x0a150000, 0x0b955000, 0x14c00000)
   the space 24596K,  59% used [0x0a150000, 0x0afb90f0, 0x0afb9200, 0x0b955000)
 Metaspace       used 12607K, capacity 12828K, committed 12928K, reserved 13696K
Event: 3.978 GC heap after
Heap after GC invocations=47 (full 2):
 def new generation   total 11136K, used 996K [0x04c00000, 0x05810000, 0x0a150000)
  eden space 9920K,   0% used [0x04c00000, 0x04c00000, 0x055b0000)
  from space 1216K,  81% used [0x056e0000, 0x057d9098, 0x05810000)
  to   space 1216K,   0% used [0x055b0000, 0x055b0000, 0x056e0000)
 tenured generation   total 24596K, used 14756K [0x0a150000, 0x0b955000, 0x14c00000)
   the space 24596K,  59% used [0x0a150000, 0x0afb90f0, 0x0afb9200, 0x0b955000)
 Metaspace       used 12607K, capacity 12828K, committed 12928K, reserved 13696K
}
Event: 4.071 GC heap before
{Heap before GC invocations=47 (full 2):
 def new generation   total 11136K, used 10916K [0x04c00000, 0x05810000, 0x0a150000)
  eden space 9920K, 100% used [0x04c00000, 0x055b0000, 0x055b0000)
  from space 1216K,  81% used [0x056e0000, 0x057d9098, 0x05810000)
  to   space 1216K,   0% used [0x055b0000, 0x055b0000, 0x056e0000)
 tenured generation   total 24596K, used 14756K [0x0a150000, 0x0b955000, 0x14c00000)
   the space 24596K,  59% used [0x0a150000, 0x0afb90f0, 0x0afb9200, 0x0b955000)
 Metaspace       used 12609K, capacity 12833K, committed 12928K, reserved 13696K
Event: 4.074 GC heap after
Heap after GC invocations=48 (full 2):
 def new generation   total 11136K, used 508K [0x04c00000, 0x05810000, 0x0a150000)
  eden space 9920K,   0% used [0x04c00000, 0x04c00000, 0x055b0000)
  from space 1216K,  41% used [0x055b0000, 0x0562f148, 0x056e0000)
  to   space 1216K,   0% used [0x056e0000, 0x056e0000, 0x05810000)
 tenured generation   total 24596K, used 15544K [0x0a150000, 0x0b955000, 0x14c00000)
   the space 24596K,  63% used [0x0a150000, 0x0b07e1d0, 0x0b07e200, 0x0b955000)
 Metaspace       used 12609K, capacity 12833K, committed 12928K, reserved 13696K
}
Event: 4.284 GC heap before
{Heap before GC invocations=48 (full 2):
 def new generation   total 11136K, used 10428K [0x04c00000, 0x05810000, 0x0a150000)
  eden space 9920K, 100% used [0x04c00000, 0x055b0000, 0x055b0000)
  from space 1216K,  41% used [0x055b0000, 0x0562f148, 0x056e0000)
  to   space 1216K,   0% used [0x056e0000, 0x056e0000, 0x05810000)
 tenured generation   total 24596K, used 15544K [0x0a150000, 0x0b955000, 0x14c00000)
   the space 24596K,  63% used [0x0a150000, 0x0b07e1d0, 0x0b07e200, 0x0b955000)
 Metaspace       used 12962K, capacity 13225K, committed 13312K, reserved 13696K
Event: 4.288 GC heap after
Heap after GC invocations=49 (full 2):
 def new generation   total 11136K, used 1216K [0x04c00000, 0x05810000, 0x0a150000)
  eden space 9920K,   0% used [0x04c00000, 0x04c00000, 0x055b0000)
  from space 1216K, 100% used [0x056e0000, 0x05810000, 0x05810000)
  to   space 1216K,   0% used [0x055b0000, 0x055b0000, 0x056e0000)
 tenured generation   total 24596K, used 15864K [0x0a150000, 0x0b955000, 0x14c00000)
   the space 24596K,  64% used [0x0a150000, 0x0b0ce3d0, 0x0b0ce400, 0x0b955000)
 Metaspace       used 12962K, capacity 13225K, committed 13312K, reserved 13696K
}
Event: 4.447 GC heap before
{Heap before GC invocations=49 (full 2):
 def new generation   total 11136K, used 11136K [0x04c00000, 0x05810000, 0x0a150000)
  eden space 9920K, 100% used [0x04c00000, 0x055b0000, 0x055b0000)
  from space 1216K, 100% used [0x056e0000, 0x05810000, 0x05810000)
  to   space 1216K,   0% used [0x055b0000, 0x055b0000, 0x056e0000)
 tenured generation   total 24596K, used 15864K [0x0a150000, 0x0b955000, 0x14c00000)
   the space 24596K,  64% used [0x0a150000, 0x0b0ce3d0, 0x0b0ce400, 0x0b955000)
 Metaspace       used 14862K, capacity 15176K, committed 15232K, reserved 15744K
Event: 4.452 GC heap after
Heap after GC invocations=50 (full 2):
 def new generation   total 11136K, used 1216K [0x04c00000, 0x05810000, 0x0a150000)
  eden space 9920K,   0% used [0x04c00000, 0x04c00000, 0x055b0000)
  from space 1216K, 100% used [0x055b0000, 0x056e0000, 0x056e0000)
  to   space 1216K,   0% used [0x056e0000, 0x056e0000, 0x05810000)
 tenured generation   total 24596K, used 16748K [0x0a150000, 0x0b955000, 0x14c00000)
   the space 24596K,  68% used [0x0a150000, 0x0b1ab350, 0x0b1ab400, 0x0b955000)
 Metaspace       used 14862K, capacity 15176K, committed 15232K, reserved 15744K
}

Deoptimization events (0 events):
No events

Internal exceptions (10 events):
Event: 7.400 Thread 0x00fbc400 Exception <a 'java/security/PrivilegedActionException'> (0x050056f0) thrown at [C:\re\workspace\8-2-build-windows-i586-cygwin\jdk8u25\1677\hotspot\src\share\vm\prims\jvm.cpp, line 1312]
Event: 7.401 Thread 0x00fbc400 Exception <a 'java/security/PrivilegedActionException'> (0x0500b9c8) thrown at [C:\re\workspace\8-2-build-windows-i586-cygwin\jdk8u25\1677\hotspot\src\share\vm\prims\jvm.cpp, line 1312]
Event: 7.401 Thread 0x00fbc400 Exception <a 'java/security/PrivilegedActionException'> (0x05011758) thrown at [C:\re\workspace\8-2-build-windows-i586-cygwin\jdk8u25\1677\hotspot\src\share\vm\prims\jvm.cpp, line 1312]
Event: 7.401 Thread 0x00fbc400 Exception <a 'java/security/PrivilegedActionException'> (0x05017708) thrown at [C:\re\workspace\8-2-build-windows-i586-cygwin\jdk8u25\1677\hotspot\src\share\vm\prims\jvm.cpp, line 1312]
Event: 7.402 Thread 0x00fbc400 Exception <a 'java/security/PrivilegedActionException'> (0x0501f8c0) thrown at [C:\re\workspace\8-2-build-windows-i586-cygwin\jdk8u25\1677\hotspot\src\share\vm\prims\jvm.cpp, line 1312]
Event: 7.403 Thread 0x00fbc400 Exception <a 'java/security/PrivilegedActionException'> (0x05025e40) thrown at [C:\re\workspace\8-2-build-windows-i586-cygwin\jdk8u25\1677\hotspot\src\share\vm\prims\jvm.cpp, line 1312]
Event: 7.403 Thread 0x00fbc400 Exception <a 'java/security/PrivilegedActionException'> (0x0502d2c8) thrown at [C:\re\workspace\8-2-build-windows-i586-cygwin\jdk8u25\1677\hotspot\src\share\vm\prims\jvm.cpp, line 1312]
Event: 7.404 Thread 0x00fbc400 Exception <a 'java/security/PrivilegedActionException'> (0x05034740) thrown at [C:\re\workspace\8-2-build-windows-i586-cygwin\jdk8u25\1677\hotspot\src\share\vm\prims\jvm.cpp, line 1312]
Event: 7.405 Thread 0x16524400 Exception <a 'java/security/PrivilegedActionException'> (0x04f4fac0) thrown at [C:\re\workspace\8-2-build-windows-i586-cygwin\jdk8u25\1677\hotspot\src\share\vm\prims\jvm.cpp, line 1312]
Event: 7.406 Thread 0x00fbc400 Exception <a 'java/security/PrivilegedActionException'> (0x0503ba50) thrown at [C:\re\workspace\8-2-build-windows-i586-cygwin\jdk8u25\1677\hotspot\src\share\vm\prims\jvm.cpp, line 1312]

Events (10 events):
Event: 7.407 Executing VM operation: RevokeBias
Event: 7.407 Executing VM operation: RevokeBias done
Event: 7.407 Executing VM operation: RevokeBias
Event: 7.407 Executing VM operation: RevokeBias done
Event: 7.407 Executing VM operation: RevokeBias
Event: 7.407 Executing VM operation: RevokeBias done
Event: 7.407 Executing VM operation: RevokeBias
Event: 7.407 Executing VM operation: RevokeBias done
Event: 7.407 Executing VM operation: RevokeBias
Event: 7.408 Executing VM operation: RevokeBias done


Dynamic libraries:
0x00d00000 - 0x00d30000 	C:\Program Files (x86)\Java\jdk1.8.0_25\bin\javaw.exe
0x77e30000 - 0x77fab000 	C:\WINDOWS\SYSTEM32\ntdll.dll
0x75790000 - 0x75880000 	C:\WINDOWS\SYSTEM32\KERNEL32.DLL
0x75610000 - 0x75784000 	C:\WINDOWS\SYSTEM32\KERNELBASE.dll
0x760d0000 - 0x7614a000 	C:\WINDOWS\SYSTEM32\ADVAPI32.dll
0x75ba0000 - 0x75c5e000 	C:\WINDOWS\SYSTEM32\msvcrt.dll
0x759e0000 - 0x75a22000 	C:\WINDOWS\SYSTEM32\sechost.dll
0x77ce0000 - 0x77d8c000 	C:\WINDOWS\SYSTEM32\RPCRT4.dll
0x75180000 - 0x7519e000 	C:\WINDOWS\SYSTEM32\SspiCli.dll
0x75170000 - 0x7517a000 	C:\WINDOWS\SYSTEM32\CRYPTBASE.dll
0x75110000 - 0x75167000 	C:\WINDOWS\SYSTEM32\bcryptPrimitives.dll
0x75880000 - 0x759dd000 	C:\WINDOWS\SYSTEM32\USER32.dll
0x76230000 - 0x7637c000 	C:\WINDOWS\SYSTEM32\GDI32.dll
0x71bc0000 - 0x71dcf000 	C:\WINDOWS\WinSxS\x86_microsoft.windows.common-controls_6595b64144ccf1df_6.0.10041.0_none_ca3d8e05741f4634\COMCTL32.dll
0x75c60000 - 0x75c8a000 	C:\WINDOWS\SYSTEM32\IMM32.DLL
0x75f60000 - 0x7607d000 	C:\WINDOWS\SYSTEM32\MSCTF.dll
0x77a50000 - 0x77ae3000 	C:\WINDOWS\SYSTEM32\OLEAUT32.dll
0x75ce0000 - 0x75e7d000 	C:\WINDOWS\SYSTEM32\combase.dll
0x67380000 - 0x6743f000 	C:\Program Files (x86)\Java\jdk1.8.0_25\jre\bin\msvcr100.dll
0x60280000 - 0x60624000 	C:\Program Files (x86)\Java\jdk1.8.0_25\jre\bin\client\jvm.dll
0x76220000 - 0x76226000 	C:\WINDOWS\SYSTEM32\PSAPI.DLL
0x74fd0000 - 0x74fd8000 	C:\WINDOWS\SYSTEM32\WSOCK32.dll
0x741a0000 - 0x741c4000 	C:\WINDOWS\SYSTEM32\WINMM.dll
0x77890000 - 0x778e0000 	C:\WINDOWS\SYSTEM32\WS2_32.dll
0x75f50000 - 0x75f57000 	C:\WINDOWS\SYSTEM32\NSI.dll
0x74140000 - 0x74163000 	C:\WINDOWS\SYSTEM32\WINMMBASE.dll
0x75f10000 - 0x75f46000 	C:\WINDOWS\SYSTEM32\cfgmgr32.dll
0x74110000 - 0x74131000 	C:\WINDOWS\SYSTEM32\DEVOBJ.dll
0x6f900000 - 0x6f90c000 	C:\Program Files (x86)\Java\jdk1.8.0_25\jre\bin\verify.dll
0x6f8d0000 - 0x6f8f1000 	C:\Program Files (x86)\Java\jdk1.8.0_25\jre\bin\java.dll
0x6f8b0000 - 0x6f8c3000 	C:\Program Files (x86)\Java\jdk1.8.0_25\jre\bin\zip.dll
0x76510000 - 0x777c5000 	C:\WINDOWS\SYSTEM32\SHELL32.dll
0x751a0000 - 0x75564000 	C:\WINDOWS\SYSTEM32\windows.storage.dll
0x761c0000 - 0x76203000 	C:\WINDOWS\SYSTEM32\shlwapi.dll
0x76210000 - 0x7621a000 	C:\WINDOWS\SYSTEM32\kernel.appcore.dll
0x75570000 - 0x755f7000 	C:\WINDOWS\SYSTEM32\shcore.dll
0x76080000 - 0x760c3000 	C:\WINDOWS\SYSTEM32\powrprof.dll
0x750d0000 - 0x750df000 	C:\WINDOWS\SYSTEM32\profapi.dll
0x6f890000 - 0x6f8a5000 	C:\Program Files (x86)\Java\jdk1.8.0_25\jre\bin\net.dll
0x74f80000 - 0x74fc9000 	C:\WINDOWS\system32\mswsock.dll
0x67370000 - 0x6737f000 	C:\Program Files (x86)\Java\jdk1.8.0_25\jre\bin\nio.dll
0x73e50000 - 0x73ed1000 	C:\WINDOWS\SYSTEM32\DNSAPI.dll
0x739a0000 - 0x739c1000 	C:\Program Files (x86)\Bonjour\mdnsNSP.dll
0x74ff0000 - 0x75020000 	C:\WINDOWS\SYSTEM32\Iphlpapi.DLL
0x74fe0000 - 0x74fe8000 	C:\WINDOWS\SYSTEM32\WINNSI.DLL
0x72870000 - 0x72878000 	C:\Windows\System32\rasadhlp.dll
0x72880000 - 0x728c5000 	C:\WINDOWS\System32\fwpuclnt.dll
0x74740000 - 0x7475a000 	C:\WINDOWS\SYSTEM32\bcrypt.dll
0x67340000 - 0x6734a000 	C:\Program Files (x86)\Java\jdk1.8.0_25\jre\bin\management.dll
0x74760000 - 0x74772000 	C:\WINDOWS\SYSTEM32\CRYPTSP.dll
0x74710000 - 0x7473e000 	C:\WINDOWS\system32\rsaenh.dll
0x750e0000 - 0x750fa000 	C:\WINDOWS\SYSTEM32\USERENV.dll
0x73950000 - 0x73963000 	C:\WINDOWS\SYSTEM32\dhcpcsvc6.DLL
0x73930000 - 0x73944000 	C:\WINDOWS\SYSTEM32\dhcpcsvc.DLL
0x5f820000 - 0x5f959000 	C:\WINDOWS\SYSTEM32\dbghelp.dll

VM Arguments:
jvm_args: -Dmaven.home=EMBEDDED -Dclassworlds.conf=D:\JEE7ToolsEsprit\JEE7ToolsEsprit\workspace\Projet\.metadata\.plugins\org.eclipse.m2e.launching\launches\m2conf4748727693913470911.tmp -Dfile.encoding=Cp1252 
java_command: org.codehaus.plexus.classworlds.launcher.Launcher -B -s C:\Users\Youssef\.m2\settings.xml
java_class_path (initial): /C:/Users/Youssef/jbdevstudio/studio/plugins/org.eclipse.m2e.maven.runtime_1.5.0.20140605-2032/jars/plexus-classworlds-2.5.1.jar
Launcher Type: SUN_STANDARD

Environment Variables:
JAVA_HOME=C:\Program Files (x86)\Java\jdk1.8.0_25
PATH=C:\Program Files (x86)\NVIDIA Corporation\PhysX\Common;C:\Program Files (x86)\Intel\iCLS Client\;C:\Program Files\Intel\iCLS Client\;D:\JEE7ToolsEsprit\JEE7ToolsEsprit\MAVEN\apache-maven-3.2.1-bin\apache-maven-3.2.1\bin;C:\Program Files (x86)\Java\jdk1.8.0_25\bin;C:\ProgramData\Oracle\Java\javapath;C:\WINDOWS\system32;C:\WINDOWS;C:\WINDOWS\System32\Wbem;C:\WINDOWS\System32\WindowsPowerShell\v1.0\;C:\Program Files (x86)\Windows Kits\8.1\Windows Performance Toolkit\;C:\Program Files\Microsoft SQL Server\110\Tools\Binn\;D:\Program Files\MATLAB\R2011a\runtime\win64;D:\Program Files\MATLAB\R2011a\bin;C:\Program Files\MATLAB\MATLAB Compiler Runtime\v715\runtime\win64;C:\SOA\BPM_tools\apache-ant-1.9.4-bin\apache-ant-1.9.4\bin;C:\Program Files\Intel\Intel(R) Management Engine Components\DAL;C:\Program Files (x86)\Intel\Intel(R) Management Engine Components\DAL;C:\Program Files\Intel\Intel(R) Management Engine Components\IPT;C:\Program Files (x86)\Intel\Intel(R) Management Engine Components\IPT;D:\Computer vision and Mobile vision\dossier seance 1\opencv\build\x64\x64\vc10\bin;D:\OpenCV\opencv\build\x64\vc9\bin;D:\OpenCV\opencv\build\x64\vc10\bin;D:\OpenCV\opencv\build\x64\mingw\bin
USERNAME=Youssef
OS=Windows_NT
PROCESSOR_IDENTIFIER=Intel64 Family 6 Model 69 Stepping 1, GenuineIntel



---------------  S Y S T E M  ---------------

OS: Windows 8.1 , 64 bit Build 9600 

CPU:total 4 (2 cores per cpu, 2 threads per core) family 6 model 69 stepping 1, cmov, cx8, fxsr, mmx, sse, sse2, sse3, ssse3, sse4.1, sse4.2, popcnt, avx, avx2, aes, clmul, erms, lzcnt, ht, tsc, tscinvbit, bmi1, bmi2

Memory: 4k page, physical 7810252k(4187532k free), swap 9055436k(4874128k free)

vm_info: Java HotSpot(TM) Client VM (25.25-b02) for windows-x86 JRE (1.8.0_25-b18), built on Oct  7 2014 14:31:05 by "java_re" with MS VC++ 10.0 (VS2010)

time: Thu May 14 15:16:41 2015
elapsed time: 7 seconds (0d 0h 0m 7s)

